{"uid":"3e1aa8c8e03eac7f","name":"createBuildConfigurationByAuthUser","fullName":"com.example.teamcity.ui.tests.BuildConfigurationTest.createBuildConfigurationByAuthUser","historyId":"4614fd5aecd99ff1cdcee90aaa596b56","time":{"start":1717397303188,"stop":1717397333381,"duration":30193},"status":"failed","statusMessage":"Element not found {By.id: buildTypeExternalId}\nExpected: exist\nScreenshot: file:/home/runner/work/teamcity-testing-framework/teamcity-testing-framework/target/surefire-reports/1717397333320.1.png\nPage source: file:/home/runner/work/teamcity-testing-framework/teamcity-testing-framework/target/surefire-reports/1717397333320.1.html\nTimeout: 15 s.\nCaused by: NoSuchElementException: Unable to locate element: #buildTypeExternalId","statusTrace":"Element not found {By.id: buildTypeExternalId}\nExpected: exist\nScreenshot: file:/home/runner/work/teamcity-testing-framework/teamcity-testing-framework/target/surefire-reports/1717397333320.1.png\nPage source: file:/home/runner/work/teamcity-testing-framework/teamcity-testing-framework/target/surefire-reports/1717397333320.1.html\nTimeout: 15 s.\nCaused by: NoSuchElementException: Unable to locate element: #buildTypeExternalId\n\tat com.codeborne.selenide.impl.WebElementSource.createElementNotFoundError(WebElementSource.java:91)\n\tat com.codeborne.selenide.impl.ElementFinder.createElementNotFoundError(ElementFinder.java:142)\n\tat com.codeborne.selenide.impl.ExceptionWrapper.wrap(ExceptionWrapper.java:32)\n\tat com.codeborne.selenide.impl.SelenideElementProxy.dispatchAndRetry(SelenideElementProxy.java:154)\n\tat com.codeborne.selenide.impl.SelenideElementProxy.invoke(SelenideElementProxy.java:84)\n\tat com.sun.proxy.$Proxy50.getAttribute(Unknown Source)\n\tat com.example.teamcity.ui.pages.admin.BuildConfigurationPage.setupBuild(BuildConfigurationPage.java:46)\n\tat com.example.teamcity.ui.tests.BuildConfigurationTest.createBuildConfigurationByAuthUser(BuildConfigurationTest.java:30)\n\tat java.base/jdk.internal.reflect.NativeMethodAccessorImpl.invoke0(Native Method)\n\tat java.base/jdk.internal.reflect.NativeMethodAccessorImpl.invoke(NativeMethodAccessorImpl.java:62)\n\tat java.base/jdk.internal.reflect.DelegatingMethodAccessorImpl.invoke(DelegatingMethodAccessorImpl.java:43)\n\tat java.base/java.lang.reflect.Method.invoke(Method.java:566)\n\tat org.testng.internal.invokers.MethodInvocationHelper.invokeMethod(MethodInvocationHelper.java:139)\n\tat org.testng.internal.invokers.TestInvoker.invokeMethod(TestInvoker.java:677)\n\tat org.testng.internal.invokers.TestInvoker.invokeTestMethod(TestInvoker.java:221)\n\tat org.testng.internal.invokers.MethodRunner.runInSequence(MethodRunner.java:50)\n\tat org.testng.internal.invokers.TestInvoker$MethodInvocationAgent.invoke(TestInvoker.java:969)\n\tat org.testng.internal.invokers.TestInvoker.invokeTestMethods(TestInvoker.java:194)\n\tat org.testng.internal.invokers.TestMethodWorker.invokeTestMethods(TestMethodWorker.java:148)\n\tat org.testng.internal.invokers.TestMethodWorker.run(TestMethodWorker.java:128)\n\tat java.base/java.util.ArrayList.forEach(ArrayList.java:1541)\n\tat org.testng.TestRunner.privateRun(TestRunner.java:829)\n\tat org.testng.TestRunner.run(TestRunner.java:602)\n\tat org.testng.SuiteRunner.runTest(SuiteRunner.java:437)\n\tat org.testng.SuiteRunner.runSequentially(SuiteRunner.java:431)\n\tat org.testng.SuiteRunner.privateRun(SuiteRunner.java:391)\n\tat org.testng.SuiteRunner.run(SuiteRunner.java:330)\n\tat org.testng.SuiteRunnerWorker.runSuite(SuiteRunnerWorker.java:52)\n\tat org.testng.SuiteRunnerWorker.run(SuiteRunnerWorker.java:95)\n\tat org.testng.TestNG.runSuitesSequentially(TestNG.java:1256)\n\tat org.testng.TestNG.runSuitesLocally(TestNG.java:1176)\n\tat org.testng.TestNG.runSuites(TestNG.java:1099)\n\tat org.testng.TestNG.run(TestNG.java:1067)\n\tat org.apache.maven.surefire.testng.TestNGExecutor.run(TestNGExecutor.java:308)\n\tat org.apache.maven.surefire.testng.TestNGXmlTestSuite.execute(TestNGXmlTestSuite.java:71)\n\tat org.apache.maven.surefire.testng.TestNGProvider.invoke(TestNGProvider.java:113)\n\tat org.apache.maven.surefire.booter.ForkedBooter.runSuitesInProcess(ForkedBooter.java:385)\n\tat org.apache.maven.surefire.booter.ForkedBooter.execute(ForkedBooter.java:162)\n\tat org.apache.maven.surefire.booter.ForkedBooter.run(ForkedBooter.java:507)\n\tat org.apache.maven.surefire.booter.ForkedBooter.main(ForkedBooter.java:495)\nCaused by: org.openqa.selenium.NoSuchElementException: Unable to locate element: #buildTypeExternalId\nFor documentation on this error, please visit: https://www.selenium.dev/documentation/webdriver/troubleshooting/errors#no-such-element-exception\nBuild info: version: '4.13.0', revision: 'ba948ece5b*'\nSystem info: os.name: 'Linux', os.arch: 'amd64', os.version: '6.5.0-1021-azure', java.version: '11.0.23'\nDriver info: org.openqa.selenium.remote.RemoteWebDriver\nCommand: [576a669c-61fc-40d0-9469-ca9c71f5bd98, findElement {using=id, value=buildTypeExternalId}]\nCapabilities {acceptInsecureCerts: true, browserName: firefox, browserVersion: 123.0, moz:accessibilityChecks: false, moz:buildID: 20240213221259, moz:debuggerAddress: 127.0.0.1:9222, moz:geckodriverVersion: 0.34.0, moz:headless: false, moz:platformVersion: 6.5.0-1021-azure, moz:processID: 80, moz:profile: /tmp/rust_mozprofileyQpuNE, moz:shutdownTimeout: 60000, moz:webdriverClick: true, moz:windowless: false, pageLoadStrategy: normal, platformName: linux, proxy: Proxy(), se:cdp: ws://localhost:4444/devtool..., se:cdpVersion: 123.0, setWindowRect: true, strictFileInteractability: false, timeouts: {implicit: 0, pageLoad: 300000, script: 30000}, unhandledPromptBehavior: accept}\nSession ID: 576a669c-61fc-40d0-9469-ca9c71f5bd98\n\tat jdk.internal.reflect.GeneratedConstructorAccessor59.newInstance(Unknown Source)\n\tat java.base/jdk.internal.reflect.DelegatingConstructorAccessorImpl.newInstance(DelegatingConstructorAccessorImpl.java:45)\n\tat java.base/java.lang.reflect.Constructor.newInstance(Constructor.java:490)\n\tat org.openqa.selenium.remote.codec.w3c.W3CHttpResponseCodec.createException(W3CHttpResponseCodec.java:200)\n\tat org.openqa.selenium.remote.codec.w3c.W3CHttpResponseCodec.decode(W3CHttpResponseCodec.java:133)\n\tat org.openqa.selenium.remote.codec.w3c.W3CHttpResponseCodec.decode(W3CHttpResponseCodec.java:52)\n\tat org.openqa.selenium.remote.HttpCommandExecutor.execute(HttpCommandExecutor.java:191)\n\tat org.openqa.selenium.remote.RemoteWebDriver.execute(RemoteWebDriver.java:602)\n\tat org.openqa.selenium.remote.ElementLocation$ElementFinder$2.findElement(ElementLocation.java:165)\n\tat org.openqa.selenium.remote.ElementLocation.findElement(ElementLocation.java:59)\n\tat org.openqa.selenium.remote.RemoteWebDriver.findElement(RemoteWebDriver.java:359)\n\tat org.openqa.selenium.remote.RemoteWebDriver.findElement(RemoteWebDriver.java:353)\n\tat com.codeborne.selenide.impl.WebElementSelector.findElement(WebElementSelector.java:70)\n\tat com.codeborne.selenide.impl.WebElementSelector.findElement(WebElementSelector.java:44)\n\tat com.codeborne.selenide.impl.WebElementSelector.findElement(WebElementSelector.java:33)\n\tat com.codeborne.selenide.impl.ElementFinder.getWebElement(ElementFinder.java:122)\n\tat com.codeborne.selenide.commands.GetAttribute.execute(GetAttribute.java:20)\n\tat com.codeborne.selenide.commands.GetAttribute.execute(GetAttribute.java:13)\n\tat com.codeborne.selenide.commands.Commands.execute(Commands.java:163)\n\tat com.codeborne.selenide.impl.SelenideElementProxy.dispatchAndRetry(SelenideElementProxy.java:132)\n\t... 36 more\n","flaky":false,"newFailed":false,"newBroken":false,"newPassed":false,"retriesCount":0,"retriesStatusChange":false,"beforeStages":[{"name":"beforeTest","time":{"start":1717397303186,"stop":1717397303186,"duration":0},"description":"","status":"passed","steps":[],"attachments":[],"parameters":[],"shouldDisplayMessage":false,"stepsCount":0,"attachmentsCount":0,"hasContent":false}],"afterStages":[{"name":"afterTest","time":{"start":1717397333383,"stop":1717397333901,"duration":518},"description":"","status":"passed","steps":[],"attachments":[],"parameters":[],"shouldDisplayMessage":false,"stepsCount":0,"attachmentsCount":0,"hasContent":false}],"labels":[{"name":"package","value":"com.example.teamcity.ui.tests.BuildConfigurationTest"},{"name":"testClass","value":"com.example.teamcity.ui.tests.BuildConfigurationTest"},{"name":"testMethod","value":"createBuildConfigurationByAuthUser"},{"name":"parentSuite","value":"UI Suite"},{"name":"suite","value":"UI Test"},{"name":"subSuite","value":"com.example.teamcity.ui.tests.BuildConfigurationTest"},{"name":"host","value":"fv-az1247-416"},{"name":"thread","value":"5209@fv-az1247-416.main(1)"},{"name":"framework","value":"testng"},{"name":"language","value":"java"},{"name":"resultFormat","value":"allure2"}],"parameters":[],"links":[],"hidden":false,"retry":false,"extra":{"severity":"normal","retries":[],"categories":[{"name":"Product defects","matchedStatuses":[],"flaky":false}],"tags":[]},"source":"3e1aa8c8e03eac7f.json","parameterValues":[]}